<?xml version="1.0" encoding="UTF-8"?>
<testng-results ignored="0" total="1" passed="1" failed="0" skipped="0">
  <reporter-output>
    <line>
      <![CDATA[TestCase is passed]]>
    </line>
  </reporter-output>
  <suite started-at="2025-01-10T16:09:49 IST" name="Suite" finished-at="2025-01-10T16:10:14 IST" duration-ms="24999">
    <groups>
    </groups>
    <test started-at="2025-01-10T16:09:49 IST" name="Test" finished-at="2025-01-10T16:10:14 IST" duration-ms="24999">
      <class name="test.Testcase2">
        <test-method is-config="true" signature="launch(java.lang.String)[pri:0, instance:test.Testcase2@35e2d654]" started-at="2025-01-10T16:09:49 IST" name="launch" finished-at="2025-01-10T16:09:56 IST" duration-ms="7061" status="PASS">
          <params>
            <param index="0">
              <value>
                <![CDATA[edge]]>
              </value>
            </param>
          </params>
          <reporter-output>
          </reporter-output>
        </test-method> <!-- launch -->
        <test-method signature="login_to_amazon()[pri:0, instance:test.Testcase2@35e2d654]" started-at="2025-01-10T16:09:56 IST" name="login_to_amazon" finished-at="2025-01-10T16:10:13 IST" duration-ms="17601" status="PASS">
          <reporter-output>
            <line>
              <![CDATA[TestCase is passed]]>
            </line>
          </reporter-output>
        </test-method> <!-- login_to_amazon -->
        <test-method is-config="true" signature="quit()[pri:0, instance:test.Testcase2@35e2d654]" started-at="2025-01-10T16:10:13 IST" name="quit" finished-at="2025-01-10T16:10:14 IST" duration-ms="270" status="PASS">
          <reporter-output>
          </reporter-output>
        </test-method> <!-- quit -->
      </class> <!-- test.Testcase2 -->
    </test> <!-- Test -->
  </suite> <!-- Suite -->
</testng-results>
